<?xml version="1.0" encoding="UTF-8"?>
<!-- Generated by org.testng.reporters.JUnitReportReporter -->
<testsuite hostname="DESKTOP-7HPKLKS" failures="0" tests="1" name="testScripts.CreatesAndDeletesNewCampaignTest" time="62.363" errors="0" timestamp="2024-10-08T18:43:11 IST" skipped="0">
  <testcase classname="testScripts.CreatesAndDeletesNewCampaignTest" name="createAndDeleteOrganization" time="62.363"/>
  <system-out>
    <![CDATA[Login phase passed
Campaign tab action phase passed
Create campaign icon action phase passed
Data entry phase passed]]>
  </system-out>
</testsuite> <!-- testScripts.CreatesAndDeletesNewCampaignTest -->
