<?xml version="1.0" encoding="UTF-8"?>
<!-- Generated by org.testng.reporters.JUnitReportReporter -->
<testsuite hostname="DESKTOP-7HPKLKS" failures="0" tests="1" name="testScripts.CreatesAndDeletesNewOrganizationTest" time="55.034" errors="0" timestamp="2024-10-08T18:43:11 IST" skipped="0">
  <testcase classname="testScripts.CreatesAndDeletesNewOrganizationTest" name="createAndDeleteOrganization" time="55.034"/>
  <system-out>
    <![CDATA[Login phase passed
Organization tab action phase passed
Create organization icon action phase passed
Data entry phase passed]]>
  </system-out>
</testsuite> <!-- testScripts.CreatesAndDeletesNewOrganizationTest -->
